2023-05-27T04:41:24.251Z: 伺服器正在port3001上運行
2023-05-27T04:41:24.268Z: 資料庫連接成功
2023-05-27T05:42:09.636Z: 伺服器正在port3001上運行
2023-05-27T05:42:09.655Z: 資料庫連接成功
2023-05-27T06:08:09.571Z: 伺服器正在port3001上運行
2023-05-27T06:08:09.589Z: 資料庫連接成功
2023-05-27T06:08:15.917Z: [object Object]
2023-05-27T06:08:51.497Z: 伺服器正在port3001上運行
2023-05-27T06:08:51.516Z: 資料庫連接成功
2023-05-27T06:08:52.155Z: [object Object]
2023-05-27T06:09:01.854Z: 伺服器正在port3001上運行
2023-05-27T06:09:01.879Z: 資料庫連接成功
2023-05-27T06:09:02.151Z: undefined
2023-05-27T06:10:17.899Z: 伺服器正在port3001上運行
2023-05-27T06:10:17.916Z: 資料庫連接成功
2023-05-27T07:01:36.870Z: 伺服器正在port3001上運行
2023-05-27T07:01:36.887Z: 資料庫連接成功
2023-05-27T07:37:42.315Z: 伺服器正在port3001上運行
2023-05-27T07:37:42.331Z: 資料庫連接成功
2023-05-27T07:56:32.183Z: created:
2023-05-27T07:57:11.340Z: Error: read ECONNRESET
2023-05-27T08:10:53.181Z: created:
2023-05-27T08:10:55.675Z: Message sent: %s
2023-05-27T08:23:40.422Z: created:
2023-05-27T08:23:43.049Z: Message sent: %s
2023-05-27T08:24:34.327Z: created:
2023-05-27T08:24:36.407Z: Message sent: %s
2023-05-27T08:25:38.617Z: 伺服器正在port3001上運行
2023-05-27T08:25:38.632Z: 資料庫連接成功
2023-05-27T08:26:55.796Z: created:
2023-05-27T08:26:58.564Z: Message sent: %s
